<?xml version="1.0" encoding="UTF-8"?>
<coverage generated="1587854153686" clover="3.2.0">
  <project timestamp="1587854153686" name="All files">
    <metrics statements="37" coveredstatements="34" conditionals="32" coveredconditionals="29" methods="7" coveredmethods="7" elements="76" coveredelements="70" complexity="0" loc="37" ncloc="37" packages="1" files="1" classes="1"/>
    <file name="queue.js" path="C:\Users\User\Desktop\unitTestsQueue\queue.js">
      <metrics statements="37" coveredstatements="34" conditionals="32" coveredconditionals="29" methods="7" coveredmethods="7"/>
      <line num="2" count="1" type="stmt"/>
      <line num="3" count="101" type="cond" truecount="2" falsecount="0"/>
      <line num="4" count="1" type="stmt"/>
      <line num="6" count="100" type="stmt"/>
      <line num="10" count="1" type="stmt"/>
      <line num="11" count="102" type="cond" truecount="4" falsecount="0"/>
      <line num="12" count="2" type="stmt"/>
      <line num="14" count="100" type="stmt"/>
      <line num="18" count="1" type="stmt"/>
      <line num="19" count="3" type="cond" truecount="3" falsecount="1"/>
      <line num="20" count="0" type="stmt"/>
      <line num="22" count="3" type="stmt"/>
      <line num="26" count="1" type="stmt"/>
      <line num="27" count="4" type="cond" truecount="3" falsecount="1"/>
      <line num="28" count="0" type="stmt"/>
      <line num="30" count="4" type="stmt"/>
      <line num="34" count="1" type="stmt"/>
      <line num="35" count="5" type="cond" truecount="3" falsecount="1"/>
      <line num="36" count="0" type="stmt"/>
      <line num="38" count="5" type="stmt"/>
      <line num="42" count="1" type="stmt"/>
      <line num="43" count="5" type="cond" truecount="4" falsecount="0"/>
      <line num="44" count="1" type="stmt"/>
      <line num="46" count="4" type="cond" truecount="2" falsecount="0"/>
      <line num="47" count="1" type="stmt"/>
      <line num="49" count="3" type="cond" truecount="2" falsecount="0"/>
      <line num="50" count="2" type="stmt"/>
      <line num="51" count="2" type="stmt"/>
      <line num="53" count="1" type="stmt"/>
      <line num="58" count="1" type="stmt"/>
      <line num="59" count="3" type="cond" truecount="4" falsecount="0"/>
      <line num="60" count="1" type="stmt"/>
      <line num="62" count="2" type="cond" truecount="2" falsecount="0"/>
      <line num="63" count="1" type="stmt"/>
      <line num="64" count="1" type="stmt"/>
      <line num="66" count="1" type="stmt"/>
      <line num="70" count="1" type="stmt"/>
    </file>
  </project>
</coverage>
