{"C:\\Users\\User\\Desktop\\unitTestsQueue\\queue.js": {"path":"C:\\Users\\User\\Desktop\\unitTestsQueue\\queue.js","statementMap":{"0":{"start":{"line":2,"column":0},"end":{"line":7,"column":2}},"1":{"start":{"line":3,"column":2},"end":{"line":5,"column":3}},"2":{"start":{"line":4,"column":4},"end":{"line":4,"column":54}},"3":{"start":{"line":6,"column":2},"end":{"line":6,"column":42}},"4":{"start":{"line":10,"column":0},"end":{"line":15,"column":2}},"5":{"start":{"line":11,"column":2},"end":{"line":13,"column":3}},"6":{"start":{"line":12,"column":4},"end":{"line":12,"column":65}},"7":{"start":{"line":14,"column":2},"end":{"line":14,"column":24}},"8":{"start":{"line":18,"column":0},"end":{"line":23,"column":2}},"9":{"start":{"line":19,"column":2},"end":{"line":21,"column":3}},"10":{"start":{"line":20,"column":4},"end":{"line":20,"column":65}},"11":{"start":{"line":22,"column":2},"end":{"line":22,"column":27}},"12":{"start":{"line":26,"column":0},"end":{"line":31,"column":2}},"13":{"start":{"line":27,"column":2},"end":{"line":29,"column":3}},"14":{"start":{"line":28,"column":4},"end":{"line":28,"column":65}},"15":{"start":{"line":30,"column":2},"end":{"line":30,"column":33}},"16":{"start":{"line":34,"column":0},"end":{"line":39,"column":2}},"17":{"start":{"line":35,"column":2},"end":{"line":37,"column":3}},"18":{"start":{"line":36,"column":4},"end":{"line":36,"column":65}},"19":{"start":{"line":38,"column":2},"end":{"line":38,"column":46}},"20":{"start":{"line":42,"column":0},"end":{"line":55,"column":2}},"21":{"start":{"line":43,"column":2},"end":{"line":45,"column":3}},"22":{"start":{"line":44,"column":4},"end":{"line":44,"column":65}},"23":{"start":{"line":46,"column":2},"end":{"line":48,"column":3}},"24":{"start":{"line":47,"column":4},"end":{"line":47,"column":57}},"25":{"start":{"line":49,"column":2},"end":{"line":54,"column":3}},"26":{"start":{"line":50,"column":4},"end":{"line":50,"column":29}},"27":{"start":{"line":51,"column":4},"end":{"line":51,"column":17}},"28":{"start":{"line":53,"column":4},"end":{"line":53,"column":51}},"29":{"start":{"line":58,"column":0},"end":{"line":68,"column":2}},"30":{"start":{"line":59,"column":2},"end":{"line":61,"column":3}},"31":{"start":{"line":60,"column":4},"end":{"line":60,"column":65}},"32":{"start":{"line":62,"column":2},"end":{"line":67,"column":3}},"33":{"start":{"line":63,"column":4},"end":{"line":63,"column":23}},"34":{"start":{"line":64,"column":4},"end":{"line":64,"column":17}},"35":{"start":{"line":66,"column":4},"end":{"line":66,"column":61}},"36":{"start":{"line":70,"column":0},"end":{"line":78,"column":2}}},"fnMap":{"0":{"name":"(anonymous_0)","decl":{"start":{"line":2,"column":7},"end":{"line":2,"column":8}},"loc":{"start":{"line":2,"column":21},"end":{"line":7,"column":1}},"line":2},"1":{"name":"(anonymous_1)","decl":{"start":{"line":10,"column":14},"end":{"line":10,"column":15}},"loc":{"start":{"line":10,"column":25},"end":{"line":15,"column":1}},"line":10},"2":{"name":"(anonymous_2)","decl":{"start":{"line":18,"column":10},"end":{"line":18,"column":11}},"loc":{"start":{"line":18,"column":21},"end":{"line":23,"column":1}},"line":18},"3":{"name":"(anonymous_3)","decl":{"start":{"line":26,"column":10},"end":{"line":26,"column":11}},"loc":{"start":{"line":26,"column":21},"end":{"line":31,"column":1}},"line":26},"4":{"name":"(anonymous_4)","decl":{"start":{"line":34,"column":9},"end":{"line":34,"column":10}},"loc":{"start":{"line":34,"column":20},"end":{"line":39,"column":1}},"line":34},"5":{"name":"(anonymous_5)","decl":{"start":{"line":42,"column":10},"end":{"line":42,"column":11}},"loc":{"start":{"line":42,"column":30},"end":{"line":55,"column":1}},"line":42},"6":{"name":"(anonymous_6)","decl":{"start":{"line":58,"column":14},"end":{"line":58,"column":15}},"loc":{"start":{"line":58,"column":25},"end":{"line":68,"column":1}},"line":58}},"branchMap":{"0":{"loc":{"start":{"line":3,"column":2},"end":{"line":5,"column":3}},"type":"if","locations":[{"start":{"line":3,"column":2},"end":{"line":5,"column":3}},{"start":{"line":3,"column":2},"end":{"line":5,"column":3}}],"line":3},"1":{"loc":{"start":{"line":11,"column":2},"end":{"line":13,"column":3}},"type":"if","locations":[{"start":{"line":11,"column":2},"end":{"line":13,"column":3}},{"start":{"line":11,"column":2},"end":{"line":13,"column":3}}],"line":11},"2":{"loc":{"start":{"line":11,"column":6},"end":{"line":11,"column":62}},"type":"binary-expr","locations":[{"start":{"line":11,"column":6},"end":{"line":11,"column":30}},{"start":{"line":11,"column":34},"end":{"line":11,"column":62}}],"line":11},"3":{"loc":{"start":{"line":19,"column":2},"end":{"line":21,"column":3}},"type":"if","locations":[{"start":{"line":19,"column":2},"end":{"line":21,"column":3}},{"start":{"line":19,"column":2},"end":{"line":21,"column":3}}],"line":19},"4":{"loc":{"start":{"line":19,"column":6},"end":{"line":19,"column":62}},"type":"binary-expr","locations":[{"start":{"line":19,"column":6},"end":{"line":19,"column":30}},{"start":{"line":19,"column":34},"end":{"line":19,"column":62}}],"line":19},"5":{"loc":{"start":{"line":27,"column":2},"end":{"line":29,"column":3}},"type":"if","locations":[{"start":{"line":27,"column":2},"end":{"line":29,"column":3}},{"start":{"line":27,"column":2},"end":{"line":29,"column":3}}],"line":27},"6":{"loc":{"start":{"line":27,"column":6},"end":{"line":27,"column":62}},"type":"binary-expr","locations":[{"start":{"line":27,"column":6},"end":{"line":27,"column":30}},{"start":{"line":27,"column":34},"end":{"line":27,"column":62}}],"line":27},"7":{"loc":{"start":{"line":35,"column":2},"end":{"line":37,"column":3}},"type":"if","locations":[{"start":{"line":35,"column":2},"end":{"line":37,"column":3}},{"start":{"line":35,"column":2},"end":{"line":37,"column":3}}],"line":35},"8":{"loc":{"start":{"line":35,"column":6},"end":{"line":35,"column":62}},"type":"binary-expr","locations":[{"start":{"line":35,"column":6},"end":{"line":35,"column":30}},{"start":{"line":35,"column":34},"end":{"line":35,"column":62}}],"line":35},"9":{"loc":{"start":{"line":43,"column":2},"end":{"line":45,"column":3}},"type":"if","locations":[{"start":{"line":43,"column":2},"end":{"line":45,"column":3}},{"start":{"line":43,"column":2},"end":{"line":45,"column":3}}],"line":43},"10":{"loc":{"start":{"line":43,"column":6},"end":{"line":43,"column":62}},"type":"binary-expr","locations":[{"start":{"line":43,"column":6},"end":{"line":43,"column":30}},{"start":{"line":43,"column":34},"end":{"line":43,"column":62}}],"line":43},"11":{"loc":{"start":{"line":46,"column":2},"end":{"line":48,"column":3}},"type":"if","locations":[{"start":{"line":46,"column":2},"end":{"line":48,"column":3}},{"start":{"line":46,"column":2},"end":{"line":48,"column":3}}],"line":46},"12":{"loc":{"start":{"line":49,"column":2},"end":{"line":54,"column":3}},"type":"if","locations":[{"start":{"line":49,"column":2},"end":{"line":54,"column":3}},{"start":{"line":49,"column":2},"end":{"line":54,"column":3}}],"line":49},"13":{"loc":{"start":{"line":59,"column":2},"end":{"line":61,"column":3}},"type":"if","locations":[{"start":{"line":59,"column":2},"end":{"line":61,"column":3}},{"start":{"line":59,"column":2},"end":{"line":61,"column":3}}],"line":59},"14":{"loc":{"start":{"line":59,"column":6},"end":{"line":59,"column":62}},"type":"binary-expr","locations":[{"start":{"line":59,"column":6},"end":{"line":59,"column":30}},{"start":{"line":59,"column":34},"end":{"line":59,"column":62}}],"line":59},"15":{"loc":{"start":{"line":62,"column":2},"end":{"line":67,"column":3}},"type":"if","locations":[{"start":{"line":62,"column":2},"end":{"line":67,"column":3}},{"start":{"line":62,"column":2},"end":{"line":67,"column":3}}],"line":62}},"s":{"0":1,"1":101,"2":1,"3":100,"4":1,"5":102,"6":2,"7":100,"8":1,"9":3,"10":0,"11":3,"12":1,"13":4,"14":0,"15":4,"16":1,"17":5,"18":0,"19":5,"20":1,"21":5,"22":1,"23":4,"24":1,"25":3,"26":2,"27":2,"28":1,"29":1,"30":3,"31":1,"32":2,"33":1,"34":1,"35":1,"36":1},"f":{"0":101,"1":102,"2":3,"3":4,"4":5,"5":5,"6":3},"b":{"0":[1,100],"1":[2,100],"2":[102,100],"3":[0,3],"4":[3,3],"5":[0,4],"6":[4,4],"7":[0,5],"8":[5,5],"9":[1,4],"10":[5,4],"11":[1,3],"12":[2,1],"13":[1,2],"14":[3,2],"15":[1,1]},"_coverageSchema":"1a1c01bbd47fc00a2c39e90264f33305004495a9","hash":"140c838d8be377c8e1faf42fcda100163af8fafe"}
}
