TN:
SF:queue.js
FN:2,(anonymous_0)
FN:10,(anonymous_1)
FN:18,(anonymous_2)
FN:26,(anonymous_3)
FN:34,(anonymous_4)
FN:42,(anonymous_5)
FN:58,(anonymous_6)
FNF:7
FNH:7
FNDA:101,(anonymous_0)
FNDA:102,(anonymous_1)
FNDA:3,(anonymous_2)
FNDA:4,(anonymous_3)
FNDA:5,(anonymous_4)
FNDA:5,(anonymous_5)
FNDA:3,(anonymous_6)
DA:2,1
DA:3,101
DA:4,1
DA:6,100
DA:10,1
DA:11,102
DA:12,2
DA:14,100
DA:18,1
DA:19,3
DA:20,0
DA:22,3
DA:26,1
DA:27,4
DA:28,0
DA:30,4
DA:34,1
DA:35,5
DA:36,0
DA:38,5
DA:42,1
DA:43,5
DA:44,1
DA:46,4
DA:47,1
DA:49,3
DA:50,2
DA:51,2
DA:53,1
DA:58,1
DA:59,3
DA:60,1
DA:62,2
DA:63,1
DA:64,1
DA:66,1
DA:70,1
LF:37
LH:34
BRDA:3,0,0,1
BRDA:3,0,1,100
BRDA:11,1,0,2
BRDA:11,1,1,100
BRDA:11,2,0,102
BRDA:11,2,1,100
BRDA:19,3,0,0
BRDA:19,3,1,3
BRDA:19,4,0,3
BRDA:19,4,1,3
BRDA:27,5,0,0
BRDA:27,5,1,4
BRDA:27,6,0,4
BRDA:27,6,1,4
BRDA:35,7,0,0
BRDA:35,7,1,5
BRDA:35,8,0,5
BRDA:35,8,1,5
BRDA:43,9,0,1
BRDA:43,9,1,4
BRDA:43,10,0,5
BRDA:43,10,1,4
BRDA:46,11,0,1
BRDA:46,11,1,3
BRDA:49,12,0,2
BRDA:49,12,1,1
BRDA:59,13,0,1
BRDA:59,13,1,2
BRDA:59,14,0,3
BRDA:59,14,1,2
BRDA:62,15,0,1
BRDA:62,15,1,1
BRF:32
BRH:29
end_of_record
